<?xml version="1.0" encoding="UTF-8"?>
<testsuite name="com.qa.trello.tests.BoardModificationTests" tests="4" skipped="0" failures="0" errors="0" timestamp="2020-04-24T20:34:32" hostname="LAPTOP-1PAU2VV8" time="34.95">
  <properties/>
  <testcase name="testAddList" classname="com.qa.trello.tests.BoardModificationTests" time="0.824"/>
  <testcase name="testChangeBackgroundToColors" classname="com.qa.trello.tests.BoardModificationTests" time="15.639"/>
  <testcase name="testChangeNameOfBoard" classname="com.qa.trello.tests.BoardModificationTests" time="0.445"/>
  <testcase name="testListDeletion" classname="com.qa.trello.tests.BoardModificationTests" time="0.429"/>
  <system-out><![CDATA[]]></system-out>
  <system-err><![CDATA[[1587760490.214][SEVERE]: Timed out receiving message from renderer: 0.100
[1587760490.335][SEVERE]: Timed out receiving message from renderer: 0.100
]]></system-err>
</testsuite>
