<?xml version="1.0" encoding="UTF-8"?>
<testsuite name="com.qa.trello.tests.BoardCreationTests" tests="1" skipped="0" failures="0" errors="0" timestamp="2020-04-27T18:00:57" hostname="LAPTOP-1PAU2VV8" time="1.264">
  <properties/>
  <testcase name="testBoardCreation" classname="com.qa.trello.tests.BoardCreationTests" time="1.264"/>
  <system-out><![CDATA[was: 18 now: 19
]]></system-out>
  <system-err><![CDATA[[1588010457.611][SEVERE]: Timed out receiving message from renderer: 0.100
[1588010457.713][SEVERE]: Timed out receiving message from renderer: 0.100
[1588010457.815][SEVERE]: Timed out receiving message from renderer: 0.100
]]></system-err>
</testsuite>
