<?xml version="1.0" encoding="UTF-8"?>
<testsuite name="com.qa.trello.tests.TeamModificationTests" tests="2" skipped="0" failures="0" errors="0" timestamp="2020-04-24T20:35:28" hostname="LAPTOP-1PAU2VV8" time="11.201">
  <properties/>
  <testcase name="testChangeNameOfTeam" classname="com.qa.trello.tests.TeamModificationTests" time="2.247"/>
  <testcase name="testCreateTeamBoard" classname="com.qa.trello.tests.TeamModificationTests" time="6.486"/>
  <system-out><![CDATA[]]></system-out>
  <system-err><![CDATA[[1587760528.014][SEVERE]: Timed out receiving message from renderer: 0.100
[1587760528.633][SEVERE]: Timed out receiving message from renderer: 0.100
[1587760533.430][SEVERE]: Timed out receiving message from renderer: 0.100
]]></system-err>
</testsuite>
