<?xml version="1.0" encoding="UTF-8"?>
<testsuite name="com.qa.trello.tests.TeamModificationTests" tests="2" skipped="0" failures="0" errors="0" timestamp="2020-04-26T15:26:29" hostname="LAPTOP-1PAU2VV8" time="11.818">
  <properties/>
  <testcase name="testChangeNameOfTeam" classname="com.qa.trello.tests.TeamModificationTests" time="2.548"/>
  <testcase name="testCreateTeamBoard" classname="com.qa.trello.tests.TeamModificationTests" time="7.18"/>
  <system-out><![CDATA[]]></system-out>
  <system-err><![CDATA[[1587914789.548][SEVERE]: Timed out receiving message from renderer: 0.100
[1587914789.650][SEVERE]: Timed out receiving message from renderer: 0.100
[1587914789.751][SEVERE]: Timed out receiving message from renderer: 0.100
[1587914789.852][SEVERE]: Timed out receiving message from renderer: 0.100
]]></system-err>
</testsuite>
